<?xml version='1.0' encoding='UTF-8'?>
<debate-format schema-version="2.2">
  <name>ZZ Test - Version update</name>
  <version>2</version>
  <info>
    <region>Nowhere</region>
    <level>None</level>
    <used-at>Nowhere</used-at>
    <description>Test entry to check that the "update available" mechanism works. Before downloading this file, please import a "version 1" of this file.</description>
  </info>
  <speech-types>
    <speech-type ref="all" length="7:00" first-period="normal">
      <bell time="finish" number="2" next-period="overtime"/>
    </speech-type>
  </speech-types>
  <speeches>
    <speech type="all">
      <name>The Speech</name>
    </speech>
  </speeches>
</debate-format>
